[2026-03-26T02:23:20.468018+08:00] scheduler daemon started
[2026-03-26T02:28:02.046260+08:00] run_round exit=0 stdout={"ok": true, "roundId": 6, "roundType": "plan", "nextRoundType": "build", "changedFiles": ["ROADMAP.md"]} stderr=
[2026-03-26T02:33:02.045428+08:00] run_round exit=0 stdout={"ok": true, "roundId": 7, "roundType": "build", "nextRoundType": "verify", "changedFiles": ["Cargo.toml", "src/app/mod.rs", "src/api/mod.rs", "src/domain/mod.rs", "src/db/mod.rs", "src/queue/mod.rs", "src/runner/mod.rs", "src/network_identity/mod.rs", "src/lib.rs", "src/main.rs"]} stderr=
[2026-03-26T02:38:02.046276+08:00] run_round exit=0 stdout={"ok": true, "roundId": 8, "roundType": "verify", "nextRoundType": "summarize", "changedFiles": []} stderr=
[2026-03-26T02:43:02.045830+08:00] run_round exit=0 stdout={"ok": true, "roundId": 9, "roundType": "summarize", "nextRoundType": "plan", "changedFiles": ["summaries/cycle-1.md"]} stderr=
[2026-03-26T02:48:02.044474+08:00] run_round exit=0 stdout={"ok": true, "roundId": 10, "roundType": "plan", "nextRoundType": "build", "changedFiles": []} stderr=
[2026-03-26T02:53:02.043858+08:00] run_round exit=0 stdout={"ok": true, "roundId": 11, "roundType": "build", "nextRoundType": "verify", "changedFiles": ["Cargo.toml", "src/app/mod.rs", "src/api/mod.rs", "src/domain/mod.rs", "src/db/mod.rs", "src/queue/mod.rs", "src/runner/mod.rs", "src/network_identity/mod.rs", "src/lib.rs", "src/main.rs"]} stderr=
[2026-03-26T02:58:02.045478+08:00] run_round exit=0 stdout={"ok": true, "roundId": 12, "roundType": "verify", "nextRoundType": "summarize", "changedFiles": []} stderr=
[2026-03-26T03:03:02.044740+08:00] run_round exit=0 stdout={"ok": true, "roundId": 13, "roundType": "summarize", "nextRoundType": "plan", "changedFiles": ["summaries/cycle-2.md"]} stderr=
[2026-03-26T03:08:02.044888+08:00] run_round exit=0 stdout={"ok": true, "roundId": 14, "roundType": "plan", "nextRoundType": "build", "changedFiles": []} stderr=
[2026-03-26T03:13:02.043667+08:00] run_round exit=0 stdout={"ok": true, "roundId": 15, "roundType": "build", "nextRoundType": "verify", "changedFiles": ["Cargo.toml", "src/app/mod.rs", "src/api/mod.rs", "src/domain/mod.rs", "src/db/mod.rs", "src/queue/mod.rs", "src/runner/mod.rs", "src/network_identity/mod.rs", "src/lib.rs", "src/main.rs"]} stderr=
[2026-03-26T03:18:02.048344+08:00] run_round exit=0 stdout={"ok": true, "roundId": 16, "roundType": "verify", "nextRoundType": "summarize", "changedFiles": []} stderr=
[2026-03-26T03:23:02.044435+08:00] run_round exit=0 stdout={"ok": true, "roundId": 17, "roundType": "summarize", "nextRoundType": "plan", "changedFiles": ["summaries/cycle-3.md"]} stderr=
[2026-03-26T03:28:02.044672+08:00] run_round exit=0 stdout={"ok": true, "roundId": 18, "roundType": "plan", "nextRoundType": "build", "changedFiles": []} stderr=
[2026-03-26T03:33:02.046214+08:00] run_round exit=0 stdout={"ok": true, "roundId": 19, "roundType": "build", "nextRoundType": "verify", "changedFiles": ["Cargo.toml", "src/app/mod.rs", "src/api/mod.rs", "src/domain/mod.rs", "src/db/mod.rs", "src/queue/mod.rs", "src/runner/mod.rs", "src/network_identity/mod.rs", "src/lib.rs", "src/main.rs"]} stderr=
[2026-03-26T03:38:02.052728+08:00] run_round exit=0 stdout={"ok": true, "roundId": 20, "roundType": "verify", "nextRoundType": "summarize", "changedFiles": []} stderr=
[2026-03-26T03:43:02.043678+08:00] run_round exit=0 stdout={"ok": true, "roundId": 21, "roundType": "summarize", "nextRoundType": "plan", "changedFiles": ["summaries/cycle-4.md"]} stderr=
[2026-03-26T03:48:02.044277+08:00] run_round exit=0 stdout={"ok": true, "roundId": 22, "roundType": "plan", "nextRoundType": "build", "changedFiles": []} stderr=
[2026-03-26T03:53:02.044494+08:00] run_round exit=0 stdout={"ok": true, "roundId": 23, "roundType": "build", "nextRoundType": "verify", "changedFiles": ["Cargo.toml", "src/app/mod.rs", "src/api/mod.rs", "src/domain/mod.rs", "src/db/mod.rs", "src/queue/mod.rs", "src/runner/mod.rs", "src/network_identity/mod.rs", "src/lib.rs", "src/main.rs"]} stderr=
[2026-03-26T03:58:02.046861+08:00] run_round exit=0 stdout={"ok": true, "roundId": 24, "roundType": "verify", "nextRoundType": "summarize", "changedFiles": []} stderr=
[2026-03-26T04:03:02.043397+08:00] run_round exit=0 stdout={"ok": true, "roundId": 25, "roundType": "summarize", "nextRoundType": "plan", "changedFiles": ["summaries/cycle-5.md"]} stderr=
[2026-03-26T04:08:02.045151+08:00] run_round exit=0 stdout={"ok": true, "roundId": 26, "roundType": "plan", "nextRoundType": "build", "changedFiles": []} stderr=
[2026-03-26T04:13:02.045340+08:00] run_round exit=0 stdout={"ok": true, "roundId": 27, "roundType": "build", "nextRoundType": "verify", "changedFiles": ["Cargo.toml", "src/app/mod.rs", "src/api/mod.rs", "src/domain/mod.rs", "src/db/mod.rs", "src/queue/mod.rs", "src/runner/mod.rs", "src/network_identity/mod.rs", "src/lib.rs", "src/main.rs"]} stderr=
[2026-03-26T04:18:02.048894+08:00] run_round exit=0 stdout={"ok": true, "roundId": 28, "roundType": "verify", "nextRoundType": "summarize", "changedFiles": []} stderr=
[2026-03-26T04:23:02.043829+08:00] run_round exit=0 stdout={"ok": true, "roundId": 29, "roundType": "summarize", "nextRoundType": "plan", "changedFiles": ["summaries/cycle-6.md"]} stderr=
[2026-03-26T04:28:02.043399+08:00] run_round exit=0 stdout={"ok": true, "roundId": 30, "roundType": "plan", "nextRoundType": "build", "changedFiles": []} stderr=
[2026-03-26T04:33:02.044957+08:00] run_round exit=0 stdout={"ok": true, "roundId": 31, "roundType": "build", "nextRoundType": "verify", "changedFiles": ["Cargo.toml", "src/app/mod.rs", "src/api/mod.rs", "src/domain/mod.rs", "src/db/mod.rs", "src/queue/mod.rs", "src/runner/mod.rs", "src/network_identity/mod.rs", "src/lib.rs", "src/main.rs"]} stderr=
[2026-03-26T04:38:02.051698+08:00] run_round exit=0 stdout={"ok": true, "roundId": 32, "roundType": "verify", "nextRoundType": "summarize", "changedFiles": []} stderr=
[2026-03-26T04:43:02.043298+08:00] run_round exit=0 stdout={"ok": true, "roundId": 33, "roundType": "summarize", "nextRoundType": "plan", "changedFiles": ["summaries/cycle-7.md"]} stderr=
[2026-03-26T04:48:02.046242+08:00] run_round exit=0 stdout={"ok": true, "roundId": 34, "roundType": "plan", "nextRoundType": "build", "changedFiles": []} stderr=
[2026-03-26T04:53:02.044039+08:00] run_round exit=0 stdout={"ok": true, "roundId": 35, "roundType": "build", "nextRoundType": "verify", "changedFiles": ["Cargo.toml", "src/app/mod.rs", "src/api/mod.rs", "src/domain/mod.rs", "src/db/mod.rs", "src/queue/mod.rs", "src/runner/mod.rs", "src/network_identity/mod.rs", "src/lib.rs", "src/main.rs"]} stderr=
[2026-03-26T04:58:02.047001+08:00] run_round exit=0 stdout={"ok": true, "roundId": 36, "roundType": "verify", "nextRoundType": "summarize", "changedFiles": []} stderr=
[2026-03-26T05:03:02.044718+08:00] run_round exit=0 stdout={"ok": true, "roundId": 37, "roundType": "summarize", "nextRoundType": "plan", "changedFiles": ["summaries/cycle-8.md"]} stderr=
[2026-03-26T05:08:02.044166+08:00] run_round exit=0 stdout={"ok": true, "roundId": 38, "roundType": "plan", "nextRoundType": "build", "changedFiles": []} stderr=
[2026-03-26T05:13:02.044097+08:00] run_round exit=0 stdout={"ok": true, "roundId": 39, "roundType": "build", "nextRoundType": "verify", "changedFiles": ["Cargo.toml", "src/app/mod.rs", "src/api/mod.rs", "src/domain/mod.rs", "src/db/mod.rs", "src/queue/mod.rs", "src/runner/mod.rs", "src/network_identity/mod.rs", "src/lib.rs", "src/main.rs"]} stderr=
[2026-03-26T05:18:02.046664+08:00] run_round exit=0 stdout={"ok": true, "roundId": 40, "roundType": "verify", "nextRoundType": "summarize", "changedFiles": []} stderr=
[2026-03-26T05:23:02.048592+08:00] run_round exit=0 stdout={"ok": true, "roundId": 41, "roundType": "summarize", "nextRoundType": "plan", "changedFiles": ["summaries/cycle-9.md"]} stderr=
[2026-03-26T05:28:02.045701+08:00] run_round exit=0 stdout={"ok": true, "roundId": 42, "roundType": "plan", "nextRoundType": "build", "changedFiles": []} stderr=
[2026-03-26T05:33:02.047470+08:00] run_round exit=0 stdout={"ok": true, "roundId": 43, "roundType": "build", "nextRoundType": "verify", "changedFiles": ["Cargo.toml", "src/app/mod.rs", "src/api/mod.rs", "src/domain/mod.rs", "src/db/mod.rs", "src/queue/mod.rs", "src/runner/mod.rs", "src/network_identity/mod.rs", "src/lib.rs", "src/main.rs"]} stderr=
[2026-03-26T05:38:02.048164+08:00] run_round exit=0 stdout={"ok": true, "roundId": 44, "roundType": "verify", "nextRoundType": "summarize", "changedFiles": []} stderr=
[2026-03-26T05:43:02.043670+08:00] run_round exit=0 stdout={"ok": true, "roundId": 45, "roundType": "summarize", "nextRoundType": "plan", "changedFiles": ["summaries/cycle-10.md"]} stderr=
[2026-03-26T05:48:02.044186+08:00] run_round exit=0 stdout={"ok": true, "roundId": 46, "roundType": "plan", "nextRoundType": "build", "changedFiles": []} stderr=
[2026-03-26T05:53:02.043245+08:00] run_round exit=0 stdout={"ok": true, "roundId": 47, "roundType": "build", "nextRoundType": "verify", "changedFiles": ["Cargo.toml", "src/app/mod.rs", "src/api/mod.rs", "src/domain/mod.rs", "src/db/mod.rs", "src/queue/mod.rs", "src/runner/mod.rs", "src/network_identity/mod.rs", "src/lib.rs", "src/main.rs"]} stderr=
[2026-03-26T05:58:02.047562+08:00] run_round exit=0 stdout={"ok": true, "roundId": 48, "roundType": "verify", "nextRoundType": "summarize", "changedFiles": []} stderr=
[2026-03-26T06:03:02.043469+08:00] run_round exit=0 stdout={"ok": true, "roundId": 49, "roundType": "summarize", "nextRoundType": "plan", "changedFiles": ["summaries/cycle-11.md"]} stderr=
[2026-03-26T06:08:02.043172+08:00] run_round exit=0 stdout={"ok": true, "roundId": 50, "roundType": "plan", "nextRoundType": "build", "changedFiles": []} stderr=
[2026-03-26T06:13:02.045670+08:00] run_round exit=0 stdout={"ok": true, "roundId": 51, "roundType": "build", "nextRoundType": "verify", "changedFiles": ["Cargo.toml", "src/app/mod.rs", "src/api/mod.rs", "src/domain/mod.rs", "src/db/mod.rs", "src/queue/mod.rs", "src/runner/mod.rs", "src/network_identity/mod.rs", "src/lib.rs", "src/main.rs"]} stderr=
[2026-03-26T06:18:02.049407+08:00] run_round exit=0 stdout={"ok": true, "roundId": 52, "roundType": "verify", "nextRoundType": "summarize", "changedFiles": []} stderr=
[2026-03-26T06:23:02.044462+08:00] run_round exit=0 stdout={"ok": true, "roundId": 53, "roundType": "summarize", "nextRoundType": "plan", "changedFiles": ["summaries/cycle-12.md"]} stderr=
[2026-03-26T06:28:02.043781+08:00] run_round exit=0 stdout={"ok": true, "roundId": 54, "roundType": "plan", "nextRoundType": "build", "changedFiles": []} stderr=
[2026-03-26T06:33:02.044860+08:00] run_round exit=0 stdout={"ok": true, "roundId": 55, "roundType": "build", "nextRoundType": "verify", "changedFiles": ["Cargo.toml", "src/app/mod.rs", "src/api/mod.rs", "src/domain/mod.rs", "src/db/mod.rs", "src/queue/mod.rs", "src/runner/mod.rs", "src/network_identity/mod.rs", "src/lib.rs", "src/main.rs"]} stderr=
[2026-03-26T06:38:02.046064+08:00] run_round exit=0 stdout={"ok": true, "roundId": 56, "roundType": "verify", "nextRoundType": "summarize", "changedFiles": []} stderr=
[2026-03-26T06:43:02.043218+08:00] run_round exit=0 stdout={"ok": true, "roundId": 57, "roundType": "summarize", "nextRoundType": "plan", "changedFiles": ["summaries/cycle-13.md"]} stderr=
[2026-03-26T06:48:02.043954+08:00] run_round exit=0 stdout={"ok": true, "roundId": 58, "roundType": "plan", "nextRoundType": "build", "changedFiles": []} stderr=
[2026-03-26T06:53:02.044364+08:00] run_round exit=0 stdout={"ok": true, "roundId": 59, "roundType": "build", "nextRoundType": "verify", "changedFiles": ["Cargo.toml", "src/app/mod.rs", "src/api/mod.rs", "src/domain/mod.rs", "src/db/mod.rs", "src/queue/mod.rs", "src/runner/mod.rs", "src/network_identity/mod.rs", "src/lib.rs", "src/main.rs"]} stderr=
[2026-03-26T06:58:02.048993+08:00] run_round exit=0 stdout={"ok": true, "roundId": 60, "roundType": "verify", "nextRoundType": "summarize", "changedFiles": []} stderr=
[2026-03-26T07:03:02.044110+08:00] run_round exit=0 stdout={"ok": true, "roundId": 61, "roundType": "summarize", "nextRoundType": "plan", "changedFiles": ["summaries/cycle-14.md"]} stderr=
[2026-03-26T07:08:02.056545+08:00] run_round exit=0 stdout={"ok": true, "roundId": 62, "roundType": "plan", "nextRoundType": "build", "changedFiles": []} stderr=
[2026-03-26T07:13:02.043964+08:00] run_round exit=0 stdout={"ok": true, "roundId": 63, "roundType": "build", "nextRoundType": "verify", "changedFiles": ["Cargo.toml", "src/app/mod.rs", "src/api/mod.rs", "src/domain/mod.rs", "src/db/mod.rs", "src/queue/mod.rs", "src/runner/mod.rs", "src/network_identity/mod.rs", "src/lib.rs", "src/main.rs"]} stderr=
[2026-03-26T07:18:02.050740+08:00] run_round exit=0 stdout={"ok": true, "roundId": 64, "roundType": "verify", "nextRoundType": "summarize", "changedFiles": []} stderr=
[2026-03-26T07:23:02.047311+08:00] run_round exit=0 stdout={"ok": true, "roundId": 65, "roundType": "summarize", "nextRoundType": "plan", "changedFiles": ["summaries/cycle-15.md"]} stderr=
[2026-03-26T07:28:02.197853+08:00] run_round exit=0 stdout={"ok": true, "roundId": 66, "roundType": "plan", "nextRoundType": "build", "changedFiles": []} stderr=
[2026-03-26T07:33:02.050175+08:00] run_round exit=0 stdout={"ok": true, "roundId": 67, "roundType": "build", "nextRoundType": "verify", "changedFiles": ["Cargo.toml", "src/app/mod.rs", "src/api/mod.rs", "src/domain/mod.rs", "src/db/mod.rs", "src/queue/mod.rs", "src/runner/mod.rs", "src/network_identity/mod.rs", "src/lib.rs", "src/main.rs"]} stderr=
[2026-03-26T07:38:02.048410+08:00] run_round exit=0 stdout={"ok": true, "roundId": 68, "roundType": "verify", "nextRoundType": "summarize", "changedFiles": []} stderr=
[2026-03-26T07:43:02.044767+08:00] run_round exit=0 stdout={"ok": true, "roundId": 69, "roundType": "summarize", "nextRoundType": "plan", "changedFiles": ["summaries/cycle-16.md"]} stderr=
[2026-03-26T07:48:02.053885+08:00] run_round exit=0 stdout={"ok": true, "roundId": 70, "roundType": "plan", "nextRoundType": "build", "changedFiles": []} stderr=
[2026-03-26T07:53:02.046472+08:00] run_round exit=0 stdout={"ok": true, "roundId": 71, "roundType": "build", "nextRoundType": "verify", "changedFiles": ["Cargo.toml", "src/app/mod.rs", "src/api/mod.rs", "src/domain/mod.rs", "src/db/mod.rs", "src/queue/mod.rs", "src/runner/mod.rs", "src/network_identity/mod.rs", "src/lib.rs", "src/main.rs"]} stderr=
[2026-03-26T07:58:02.046995+08:00] run_round exit=0 stdout={"ok": true, "roundId": 72, "roundType": "verify", "nextRoundType": "summarize", "changedFiles": []} stderr=
[2026-03-26T08:03:02.046679+08:00] run_round exit=0 stdout={"ok": true, "roundId": 73, "roundType": "summarize", "nextRoundType": "plan", "changedFiles": ["summaries/cycle-17.md"]} stderr=
[2026-03-26T08:08:02.045140+08:00] run_round exit=0 stdout={"ok": true, "roundId": 74, "roundType": "plan", "nextRoundType": "build", "changedFiles": []} stderr=
[2026-03-26T08:13:02.045450+08:00] run_round exit=0 stdout={"ok": true, "roundId": 75, "roundType": "build", "nextRoundType": "verify", "changedFiles": ["Cargo.toml", "src/app/mod.rs", "src/api/mod.rs", "src/domain/mod.rs", "src/db/mod.rs", "src/queue/mod.rs", "src/runner/mod.rs", "src/network_identity/mod.rs", "src/lib.rs", "src/main.rs"]} stderr=
[2026-03-26T08:18:02.048324+08:00] run_round exit=0 stdout={"ok": true, "roundId": 76, "roundType": "verify", "nextRoundType": "summarize", "changedFiles": []} stderr=
[2026-03-26T08:23:02.045549+08:00] run_round exit=0 stdout={"ok": true, "roundId": 77, "roundType": "summarize", "nextRoundType": "plan", "changedFiles": ["summaries/cycle-18.md"]} stderr=
[2026-03-26T08:28:02.079058+08:00] run_round exit=0 stdout={"ok": true, "roundId": 78, "roundType": "plan", "nextRoundType": "build", "changedFiles": []} stderr=
